<?xml version="1.0" encoding="UTF-8"?>
<!-- Generated by org.testng.reporters.JUnitReportReporter -->
<testsuite hostname="91c891953b06" failures="0" tests="9" name="com.rahul.tests.vendorportal.VendorPortalTest" time="32.117" errors="0" timestamp="2024-07-05T16:24:55 GMT" skipped="0">
  <testcase classname="com.rahul.tests.vendorportal.VendorPortalTest" name="dashboardTest" time="5.091"/>
  <testcase classname="com.rahul.tests.vendorportal.VendorPortalTest" name="loginTest" time="2.464"/>
  <testcase classname="com.rahul.tests.vendorportal.VendorPortalTest" name="logoutTest" time="4.539"/>
  <testcase classname="com.rahul.tests.vendorportal.VendorPortalTest" name="logoutTest" time="1.284"/>
  <testcase classname="com.rahul.tests.vendorportal.VendorPortalTest" name="logoutTest" time="3.569"/>
  <testcase classname="com.rahul.tests.vendorportal.VendorPortalTest" name="dashboardTest" time="5.631"/>
  <testcase classname="com.rahul.tests.vendorportal.VendorPortalTest" name="loginTest" time="2.485"/>
  <testcase classname="com.rahul.tests.vendorportal.VendorPortalTest" name="loginTest" time="2.607"/>
  <testcase classname="com.rahul.tests.vendorportal.VendorPortalTest" name="dashboardTest" time="4.447"/>
</testsuite> <!-- com.rahul.tests.vendorportal.VendorPortalTest -->
